{
  "/Users/jacoblurie/Git/Projects/budgetster-frontend/src/components/LargeCategoryCard/CategoryBreakdownBar/CategoryBreakdownBar.tsx": {
    "path": "/Users/jacoblurie/Git/Projects/budgetster-frontend/src/components/LargeCategoryCard/CategoryBreakdownBar/CategoryBreakdownBar.tsx",
    "statementMap": {
      "0": {
        "start": { "line": 1, "column": 0 },
        "end": { "line": 1, "column": 33 }
      },
      "1": {
        "start": { "line": 3, "column": 0 },
        "end": { "line": 3, "column": 43 }
      },
      "2": {
        "start": { "line": 22, "column": 29 },
        "end": { "line": 48, "column": 1 }
      },
      "3": {
        "start": { "line": 24, "column": 2 },
        "end": { "line": 24, "column": 52 }
      },
      "4": {
        "start": { "line": 24, "column": 33 },
        "end": { "line": 24, "column": 50 }
      },
      "5": {
        "start": { "line": 27, "column": 27 },
        "end": { "line": 28, "column": null }
      },
      "6": {
        "start": { "line": 28, "column": 4 },
        "end": { "line": 28, "column": 77 }
      },
      "7": {
        "start": { "line": 28, "column": 54 },
        "end": { "line": 28, "column": 65 }
      },
      "8": {
        "start": { "line": 31, "column": 2 },
        "end": { "line": 47, "column": 4 }
      },
      "9": {
        "start": { "line": 34, "column": 8 },
        "end": { "line": 34, "column": null }
      },
      "10": {
        "start": { "line": 50, "column": 0 },
        "end": { "line": 50, "column": 36 }
      }
    },
    "fnMap": {
      "0": {
        "name": "(anonymous_0)",
        "decl": {
          "start": { "line": 22, "column": 29 },
          "end": { "line": 22, "column": 30 }
        },
        "loc": {
          "start": { "line": 22, "column": 71 },
          "end": { "line": 48, "column": 1 }
        }
      },
      "1": {
        "name": "(anonymous_1)",
        "decl": {
          "start": { "line": 24, "column": 23 },
          "end": { "line": 24, "column": 24 }
        },
        "loc": {
          "start": { "line": 24, "column": 33 },
          "end": { "line": 24, "column": 50 }
        }
      },
      "2": {
        "name": "(anonymous_2)",
        "decl": {
          "start": { "line": 27, "column": 38 },
          "end": { "line": 27, "column": 39 }
        },
        "loc": {
          "start": { "line": 28, "column": 4 },
          "end": { "line": 28, "column": 77 }
        }
      },
      "3": {
        "name": "(anonymous_3)",
        "decl": {
          "start": { "line": 28, "column": 44 },
          "end": { "line": 28, "column": 45 }
        },
        "loc": {
          "start": { "line": 28, "column": 54 },
          "end": { "line": 28, "column": 65 }
        }
      },
      "4": {
        "name": "(anonymous_4)",
        "decl": {
          "start": { "line": 33, "column": 18 },
          "end": { "line": 33, "column": 19 }
        },
        "loc": {
          "start": { "line": 34, "column": 8 },
          "end": { "line": 34, "column": null }
        }
      }
    },
    "branchMap": {
      "0": {
        "loc": {
          "start": { "line": 39, "column": 13 },
          "end": { "line": 39, "column": 55 }
        },
        "type": "binary-expr",
        "locations": [
          {
            "start": { "line": 39, "column": 13 },
            "end": { "line": 39, "column": 41 }
          },
          {
            "start": { "line": 39, "column": 45 },
            "end": { "line": 39, "column": 55 }
          }
        ]
      },
      "1": {
        "loc": {
          "start": { "line": 41, "column": 11 },
          "end": { "line": 42, "column": null }
        },
        "type": "binary-expr",
        "locations": [
          {
            "start": { "line": 41, "column": 11 },
            "end": { "line": 41, "column": 38 }
          },
          {
            "start": { "line": 42, "column": 12 },
            "end": { "line": 42, "column": 60 }
          }
        ]
      }
    },
    "s": {
      "0": 1,
      "1": 1,
      "2": 1,
      "3": 1,
      "4": 5,
      "5": 1,
      "6": 4,
      "7": 16,
      "8": 1,
      "9": 4,
      "10": 1
    },
    "f": { "0": 1, "1": 5, "2": 4, "3": 16, "4": 4 },
    "b": { "0": [4, 2], "1": [4, 3] }
  },
  "/Users/jacoblurie/Git/Projects/budgetster-frontend/src/types/types.ts": {
    "path": "/Users/jacoblurie/Git/Projects/budgetster-frontend/src/types/types.ts",
    "statementMap": {
      "0": {
        "start": { "line": 37, "column": 0 },
        "end": { "line": 37, "column": null }
      },
      "1": {
        "start": { "line": 38, "column": 2 },
        "end": { "line": 38, "column": null }
      },
      "2": {
        "start": { "line": 39, "column": 2 },
        "end": { "line": 39, "column": null }
      },
      "3": {
        "start": { "line": 40, "column": 2 },
        "end": { "line": 40, "column": null }
      },
      "4": {
        "start": { "line": 51, "column": 0 },
        "end": { "line": 51, "column": null }
      },
      "5": {
        "start": { "line": 52, "column": 2 },
        "end": { "line": 52, "column": null }
      },
      "6": {
        "start": { "line": 53, "column": 2 },
        "end": { "line": 53, "column": null }
      },
      "7": {
        "start": { "line": 54, "column": 2 },
        "end": { "line": 54, "column": null }
      },
      "8": {
        "start": { "line": 55, "column": 2 },
        "end": { "line": 55, "column": null }
      }
    },
    "fnMap": {
      "0": {
        "name": "(anonymous_0)",
        "decl": {
          "start": { "line": 37, "column": 0 },
          "end": { "line": 37, "column": 12 }
        },
        "loc": {
          "start": { "line": 37, "column": 22 },
          "end": { "line": 41, "column": 1 }
        }
      },
      "1": {
        "name": "(anonymous_1)",
        "decl": {
          "start": { "line": 51, "column": 0 },
          "end": { "line": 51, "column": 12 }
        },
        "loc": {
          "start": { "line": 51, "column": 32 },
          "end": { "line": 56, "column": 1 }
        }
      }
    },
    "branchMap": {
      "0": {
        "loc": {
          "start": { "line": 37, "column": 12 },
          "end": { "line": 37, "column": null }
        },
        "type": "binary-expr",
        "locations": [
          {
            "start": { "line": 37, "column": 12 },
            "end": { "line": 37, "column": 22 }
          },
          {
            "start": { "line": 37, "column": 12 },
            "end": { "line": 37, "column": null }
          }
        ]
      },
      "1": {
        "loc": {
          "start": { "line": 51, "column": 12 },
          "end": { "line": 51, "column": null }
        },
        "type": "binary-expr",
        "locations": [
          {
            "start": { "line": 51, "column": 12 },
            "end": { "line": 51, "column": 32 }
          },
          {
            "start": { "line": 51, "column": 12 },
            "end": { "line": 51, "column": null }
          }
        ]
      }
    },
    "s": {
      "0": 1,
      "1": 1,
      "2": 1,
      "3": 1,
      "4": 1,
      "5": 1,
      "6": 1,
      "7": 1,
      "8": 1
    },
    "f": { "0": 1, "1": 1 },
    "b": { "0": [1, 1], "1": [1, 1] }
  },
  "/Users/jacoblurie/Git/Projects/budgetster-frontend/src/util/testing/testData.ts": {
    "path": "/Users/jacoblurie/Git/Projects/budgetster-frontend/src/util/testing/testData.ts",
    "statementMap": {
      "0": {
        "start": { "line": 1, "column": 0 },
        "end": { "line": 1, "column": 69 }
      },
      "1": {
        "start": { "line": 5, "column": 13 },
        "end": { "line": 43, "column": 20 }
      },
      "2": {
        "start": { "line": 46, "column": 13 },
        "end": { "line": 65, "column": 20 }
      },
      "3": {
        "start": { "line": 68, "column": 13 },
        "end": { "line": 96, "column": 20 }
      }
    },
    "fnMap": {},
    "branchMap": {},
    "s": { "0": 1, "1": 1, "2": 1, "3": 1 },
    "f": {},
    "b": {}
  }
}
