{
  "/Users/jacoblurie/Git/Projects/budgetster-frontend/src/components/LargeCategoryCard/LargeCategoryCard.tsx": {
    "path": "/Users/jacoblurie/Git/Projects/budgetster-frontend/src/components/LargeCategoryCard/LargeCategoryCard.tsx",
    "statementMap": {
      "0": {
        "start": { "line": 1, "column": 0 },
        "end": { "line": 1, "column": 79 }
      },
      "1": {
        "start": { "line": 2, "column": 0 },
        "end": { "line": 2, "column": 67 }
      },
      "2": {
        "start": { "line": 3, "column": 0 },
        "end": { "line": 3, "column": 69 }
      },
      "3": {
        "start": { "line": 5, "column": 0 },
        "end": { "line": 5, "column": 40 }
      },
      "4": {
        "start": { "line": 28, "column": 26 },
        "end": { "line": 63, "column": 1 }
      },
      "5": {
        "start": { "line": 34, "column": 16 },
        "end": { "line": 34, "column": 55 }
      },
      "6": {
        "start": { "line": 34, "column": 40 },
        "end": { "line": 34, "column": 51 }
      },
      "7": {
        "start": { "line": 36, "column": 2 },
        "end": { "line": 62, "column": 4 }
      },
      "8": {
        "start": { "line": 53, "column": 10 },
        "end": { "line": 54, "column": null }
      },
      "9": {
        "start": { "line": 65, "column": 0 },
        "end": { "line": 65, "column": 33 }
      }
    },
    "fnMap": {
      "0": {
        "name": "(anonymous_0)",
        "decl": {
          "start": { "line": 28, "column": 26 },
          "end": { "line": 28, "column": 27 }
        },
        "loc": {
          "start": { "line": 33, "column": 29 },
          "end": { "line": 63, "column": 1 }
        }
      },
      "1": {
        "name": "(anonymous_1)",
        "decl": {
          "start": { "line": 34, "column": 30 },
          "end": { "line": 34, "column": 31 }
        },
        "loc": {
          "start": { "line": 34, "column": 40 },
          "end": { "line": 34, "column": 51 }
        }
      },
      "2": {
        "name": "(anonymous_2)",
        "decl": {
          "start": { "line": 52, "column": 20 },
          "end": { "line": 52, "column": 21 }
        },
        "loc": {
          "start": { "line": 53, "column": 10 },
          "end": { "line": 54, "column": null }
        }
      }
    },
    "branchMap": {
      "0": {
        "loc": {
          "start": { "line": 44, "column": 12 },
          "end": { "line": 44, "column": 65 }
        },
        "type": "cond-expr",
        "locations": [
          {
            "start": { "line": 44, "column": 55 },
            "end": { "line": 44, "column": 59 }
          },
          {
            "start": { "line": 44, "column": 62 },
            "end": { "line": 44, "column": 65 }
          }
        ]
      },
      "1": {
        "loc": {
          "start": { "line": 47, "column": 13 },
          "end": { "line": 47, "column": 69 }
        },
        "type": "cond-expr",
        "locations": [
          {
            "start": { "line": 47, "column": 49 },
            "end": { "line": 47, "column": 58 }
          },
          {
            "start": { "line": 47, "column": 61 },
            "end": { "line": 47, "column": 69 }
          }
        ]
      }
    },
    "s": {
      "0": 1,
      "1": 1,
      "2": 1,
      "3": 1,
      "4": 1,
      "5": 3,
      "6": 10,
      "7": 3,
      "8": 10,
      "9": 1
    },
    "f": { "0": 3, "1": 10, "2": 10 },
    "b": { "0": [2, 1], "1": [2, 1] }
  },
  "/Users/jacoblurie/Git/Projects/budgetster-frontend/src/components/LargeCategoryCard/CategoryBreakdownBar/CategoryBreakdownBar.tsx": {
    "path": "/Users/jacoblurie/Git/Projects/budgetster-frontend/src/components/LargeCategoryCard/CategoryBreakdownBar/CategoryBreakdownBar.tsx",
    "statementMap": {
      "0": {
        "start": { "line": 1, "column": 0 },
        "end": { "line": 1, "column": 33 }
      },
      "1": {
        "start": { "line": 3, "column": 0 },
        "end": { "line": 3, "column": 43 }
      },
      "2": {
        "start": { "line": 22, "column": 29 },
        "end": { "line": 51, "column": 1 }
      },
      "3": {
        "start": { "line": 24, "column": 2 },
        "end": { "line": 24, "column": 52 }
      },
      "4": {
        "start": { "line": 24, "column": 33 },
        "end": { "line": 24, "column": 50 }
      },
      "5": {
        "start": { "line": 27, "column": 27 },
        "end": { "line": 28, "column": null }
      },
      "6": {
        "start": { "line": 28, "column": 4 },
        "end": { "line": 28, "column": 77 }
      },
      "7": {
        "start": { "line": 28, "column": 54 },
        "end": { "line": 28, "column": 65 }
      },
      "8": {
        "start": { "line": 31, "column": 2 },
        "end": { "line": 50, "column": 4 }
      },
      "9": {
        "start": { "line": 37, "column": 8 },
        "end": { "line": 37, "column": null }
      },
      "10": {
        "start": { "line": 53, "column": 0 },
        "end": { "line": 53, "column": 36 }
      }
    },
    "fnMap": {
      "0": {
        "name": "(anonymous_0)",
        "decl": {
          "start": { "line": 22, "column": 29 },
          "end": { "line": 22, "column": 30 }
        },
        "loc": {
          "start": { "line": 22, "column": 71 },
          "end": { "line": 51, "column": 1 }
        }
      },
      "1": {
        "name": "(anonymous_1)",
        "decl": {
          "start": { "line": 24, "column": 23 },
          "end": { "line": 24, "column": 24 }
        },
        "loc": {
          "start": { "line": 24, "column": 33 },
          "end": { "line": 24, "column": 50 }
        }
      },
      "2": {
        "name": "(anonymous_2)",
        "decl": {
          "start": { "line": 27, "column": 38 },
          "end": { "line": 27, "column": 39 }
        },
        "loc": {
          "start": { "line": 28, "column": 4 },
          "end": { "line": 28, "column": 77 }
        }
      },
      "3": {
        "name": "(anonymous_3)",
        "decl": {
          "start": { "line": 28, "column": 44 },
          "end": { "line": 28, "column": 45 }
        },
        "loc": {
          "start": { "line": 28, "column": 54 },
          "end": { "line": 28, "column": 65 }
        }
      },
      "4": {
        "name": "(anonymous_4)",
        "decl": {
          "start": { "line": 36, "column": 18 },
          "end": { "line": 36, "column": 19 }
        },
        "loc": {
          "start": { "line": 37, "column": 8 },
          "end": { "line": 37, "column": null }
        }
      }
    },
    "branchMap": {
      "0": {
        "loc": {
          "start": { "line": 42, "column": 13 },
          "end": { "line": 42, "column": 55 }
        },
        "type": "binary-expr",
        "locations": [
          {
            "start": { "line": 42, "column": 13 },
            "end": { "line": 42, "column": 41 }
          },
          {
            "start": { "line": 42, "column": 45 },
            "end": { "line": 42, "column": 55 }
          }
        ]
      },
      "1": {
        "loc": {
          "start": { "line": 44, "column": 11 },
          "end": { "line": 45, "column": null }
        },
        "type": "binary-expr",
        "locations": [
          {
            "start": { "line": 44, "column": 11 },
            "end": { "line": 44, "column": 38 }
          },
          {
            "start": { "line": 45, "column": 12 },
            "end": { "line": 45, "column": 60 }
          }
        ]
      }
    },
    "s": {
      "0": 2,
      "1": 2,
      "2": 2,
      "3": 5,
      "4": 17,
      "5": 5,
      "6": 18,
      "7": 68,
      "8": 5,
      "9": 18,
      "10": 2
    },
    "f": { "0": 5, "1": 17, "2": 18, "3": 68, "4": 18 },
    "b": { "0": [18, 9], "1": [18, 13] }
  },
  "/Users/jacoblurie/Git/Projects/budgetster-frontend/src/components/LargeCategoryCard/CategoryLineItem/CategoryLineItem.tsx": {
    "path": "/Users/jacoblurie/Git/Projects/budgetster-frontend/src/components/LargeCategoryCard/CategoryLineItem/CategoryLineItem.tsx",
    "statementMap": {
      "0": {
        "start": { "line": 1, "column": 0 },
        "end": { "line": 1, "column": 39 }
      },
      "1": {
        "start": { "line": 21, "column": 25 },
        "end": { "line": 46, "column": null }
      },
      "2": {
        "start": { "line": 26, "column": 2 },
        "end": { "line": 45, "column": null }
      },
      "3": {
        "start": { "line": 49, "column": 0 },
        "end": { "line": 49, "column": 32 }
      }
    },
    "fnMap": {
      "0": {
        "name": "(anonymous_0)",
        "decl": {
          "start": { "line": 21, "column": 25 },
          "end": { "line": 21, "column": 26 }
        },
        "loc": {
          "start": { "line": 26, "column": 2 },
          "end": { "line": 45, "column": null }
        }
      }
    },
    "branchMap": {
      "0": {
        "loc": {
          "start": { "line": 33, "column": 9 },
          "end": { "line": 33, "column": 31 }
        },
        "type": "cond-expr",
        "locations": [
          {
            "start": { "line": 33, "column": 21 },
            "end": { "line": 33, "column": 25 }
          },
          {
            "start": { "line": 33, "column": 28 },
            "end": { "line": 33, "column": 31 }
          }
        ]
      }
    },
    "s": { "0": 2, "1": 2, "2": 13, "3": 2 },
    "f": { "0": 13 },
    "b": { "0": [1, 12] }
  },
  "/Users/jacoblurie/Git/Projects/budgetster-frontend/src/components/LargeCountCard/LargeCountCard.tsx": {
    "path": "/Users/jacoblurie/Git/Projects/budgetster-frontend/src/components/LargeCountCard/LargeCountCard.tsx",
    "statementMap": {
      "0": {
        "start": { "line": 1, "column": 0 },
        "end": { "line": 1, "column": 37 }
      },
      "1": {
        "start": { "line": 21, "column": 23 },
        "end": { "line": 28, "column": null }
      },
      "2": {
        "start": { "line": 22, "column": 2 },
        "end": { "line": 27, "column": null }
      },
      "3": {
        "start": { "line": 31, "column": 0 },
        "end": { "line": 31, "column": 30 }
      }
    },
    "fnMap": {
      "0": {
        "name": "(anonymous_0)",
        "decl": {
          "start": { "line": 21, "column": 23 },
          "end": { "line": 21, "column": 24 }
        },
        "loc": {
          "start": { "line": 22, "column": 2 },
          "end": { "line": 27, "column": null }
        }
      }
    },
    "branchMap": {
      "0": {
        "loc": {
          "start": { "line": 25, "column": 8 },
          "end": { "line": 25, "column": 30 }
        },
        "type": "cond-expr",
        "locations": [
          {
            "start": { "line": 25, "column": 20 },
            "end": { "line": 25, "column": 24 }
          },
          {
            "start": { "line": 25, "column": 27 },
            "end": { "line": 25, "column": 30 }
          }
        ]
      },
      "1": {
        "loc": {
          "start": { "line": 27, "column": 5 },
          "end": { "line": 27, "column": 74 }
        },
        "type": "binary-expr",
        "locations": [
          {
            "start": { "line": 27, "column": 5 },
            "end": { "line": 27, "column": 13 }
          },
          {
            "start": { "line": 27, "column": 17 },
            "end": { "line": 27, "column": 74 }
          }
        ]
      }
    },
    "s": { "0": 0, "1": 0, "2": 0, "3": 0 },
    "f": { "0": 0 },
    "b": { "0": [0, 0], "1": [0, 0] }
  },
  "/Users/jacoblurie/Git/Projects/budgetster-frontend/src/components/TimeControl/TimeControl.tsx": {
    "path": "/Users/jacoblurie/Git/Projects/budgetster-frontend/src/components/TimeControl/TimeControl.tsx",
    "statementMap": {
      "0": {
        "start": { "line": 1, "column": 0 },
        "end": { "line": 1, "column": 73 }
      },
      "1": {
        "start": { "line": 2, "column": 0 },
        "end": { "line": 2, "column": 73 }
      },
      "2": {
        "start": { "line": 3, "column": 0 },
        "end": { "line": 3, "column": 47 }
      },
      "3": {
        "start": { "line": 4, "column": 0 },
        "end": { "line": 4, "column": 34 }
      },
      "4": {
        "start": { "line": 5, "column": 0 },
        "end": { "line": 5, "column": 33 }
      },
      "5": {
        "start": { "line": 14, "column": 20 },
        "end": { "line": 37, "column": 1 }
      },
      "6": {
        "start": { "line": 16, "column": 38 },
        "end": { "line": 16, "column": 66 }
      },
      "7": {
        "start": { "line": 19, "column": 28 },
        "end": { "line": 19, "column": 67 }
      },
      "8": {
        "start": { "line": 20, "column": 26 },
        "end": { "line": 20, "column": 68 }
      },
      "9": {
        "start": { "line": 22, "column": 2 },
        "end": { "line": 36, "column": 4 }
      },
      "10": {
        "start": { "line": 39, "column": 0 },
        "end": { "line": 39, "column": 27 }
      }
    },
    "fnMap": {
      "0": {
        "name": "(anonymous_0)",
        "decl": {
          "start": { "line": 14, "column": 20 },
          "end": { "line": 14, "column": 23 }
        },
        "loc": {
          "start": { "line": 14, "column": 25 },
          "end": { "line": 37, "column": 1 }
        }
      }
    },
    "branchMap": {},
    "s": {
      "0": 0,
      "1": 0,
      "2": 0,
      "3": 0,
      "4": 0,
      "5": 0,
      "6": 0,
      "7": 0,
      "8": 0,
      "9": 0,
      "10": 0
    },
    "f": { "0": 0 },
    "b": {}
  },
  "/Users/jacoblurie/Git/Projects/budgetster-frontend/src/components/TimeControl/TimePeriodCarousel/TimePeriodCarousel.tsx": {
    "path": "/Users/jacoblurie/Git/Projects/budgetster-frontend/src/components/TimeControl/TimePeriodCarousel/TimePeriodCarousel.tsx",
    "statementMap": {
      "0": {
        "start": { "line": 1, "column": 0 },
        "end": { "line": 1, "column": 65 }
      },
      "1": {
        "start": { "line": 2, "column": 0 },
        "end": { "line": 2, "column": 50 }
      },
      "2": {
        "start": { "line": 3, "column": 0 },
        "end": { "line": 3, "column": 41 }
      },
      "3": {
        "start": { "line": 29, "column": 27 },
        "end": { "line": 79, "column": 1 }
      },
      "4": {
        "start": { "line": 37, "column": 26 },
        "end": { "line": 48, "column": 3 }
      },
      "5": {
        "start": { "line": 38, "column": 4 },
        "end": { "line": 47, "column": null }
      },
      "6": {
        "start": { "line": 39, "column": 6 },
        "end": { "line": 44, "column": null }
      },
      "7": {
        "start": { "line": 40, "column": 8 },
        "end": { "line": 40, "column": 21 }
      },
      "8": {
        "start": { "line": 41, "column": 8 },
        "end": { "line": 41, "column": 26 }
      },
      "9": {
        "start": { "line": 43, "column": 8 },
        "end": { "line": 43, "column": 28 }
      },
      "10": {
        "start": { "line": 46, "column": 6 },
        "end": { "line": 46, "column": 24 }
      },
      "11": {
        "start": { "line": 51, "column": 27 },
        "end": { "line": 62, "column": 3 }
      },
      "12": {
        "start": { "line": 52, "column": 4 },
        "end": { "line": 61, "column": null }
      },
      "13": {
        "start": { "line": 53, "column": 6 },
        "end": { "line": 58, "column": null }
      },
      "14": {
        "start": { "line": 54, "column": 8 },
        "end": { "line": 54, "column": 20 }
      },
      "15": {
        "start": { "line": 55, "column": 8 },
        "end": { "line": 55, "column": 26 }
      },
      "16": {
        "start": { "line": 57, "column": 8 },
        "end": { "line": 57, "column": 28 }
      },
      "17": {
        "start": { "line": 60, "column": 6 },
        "end": { "line": 60, "column": 24 }
      },
      "18": {
        "start": { "line": 64, "column": 2 },
        "end": { "line": 78, "column": 4 }
      },
      "19": {
        "start": { "line": 81, "column": 0 },
        "end": { "line": 81, "column": 34 }
      }
    },
    "fnMap": {
      "0": {
        "name": "(anonymous_0)",
        "decl": {
          "start": { "line": 29, "column": 27 },
          "end": { "line": 29, "column": 28 }
        },
        "loc": {
          "start": { "line": 35, "column": 30 },
          "end": { "line": 79, "column": 1 }
        }
      },
      "1": {
        "name": "(anonymous_1)",
        "decl": {
          "start": { "line": 37, "column": 26 },
          "end": { "line": 37, "column": 29 }
        },
        "loc": {
          "start": { "line": 37, "column": 31 },
          "end": { "line": 48, "column": 3 }
        }
      },
      "2": {
        "name": "(anonymous_2)",
        "decl": {
          "start": { "line": 51, "column": 27 },
          "end": { "line": 51, "column": 30 }
        },
        "loc": {
          "start": { "line": 51, "column": 32 },
          "end": { "line": 62, "column": 3 }
        }
      }
    },
    "branchMap": {
      "0": {
        "loc": {
          "start": { "line": 38, "column": 4 },
          "end": { "line": 47, "column": null }
        },
        "type": "if",
        "locations": [
          {
            "start": { "line": 38, "column": 4 },
            "end": { "line": 47, "column": null }
          },
          {
            "start": { "line": 45, "column": 11 },
            "end": { "line": 47, "column": null }
          }
        ]
      },
      "1": {
        "loc": {
          "start": { "line": 39, "column": 6 },
          "end": { "line": 44, "column": null }
        },
        "type": "if",
        "locations": [
          {
            "start": { "line": 39, "column": 6 },
            "end": { "line": 44, "column": null }
          },
          {
            "start": { "line": 42, "column": 13 },
            "end": { "line": 44, "column": null }
          }
        ]
      },
      "2": {
        "loc": {
          "start": { "line": 52, "column": 4 },
          "end": { "line": 61, "column": null }
        },
        "type": "if",
        "locations": [
          {
            "start": { "line": 52, "column": 4 },
            "end": { "line": 61, "column": null }
          },
          {
            "start": { "line": 59, "column": 11 },
            "end": { "line": 61, "column": null }
          }
        ]
      },
      "3": {
        "loc": {
          "start": { "line": 53, "column": 6 },
          "end": { "line": 58, "column": null }
        },
        "type": "if",
        "locations": [
          {
            "start": { "line": 53, "column": 6 },
            "end": { "line": 58, "column": null }
          },
          {
            "start": { "line": 56, "column": 13 },
            "end": { "line": 58, "column": null }
          }
        ]
      },
      "4": {
        "loc": {
          "start": { "line": 70, "column": 9 },
          "end": { "line": 72, "column": 16 }
        },
        "type": "cond-expr",
        "locations": [
          {
            "start": { "line": 71, "column": 12 },
            "end": { "line": 71, "column": 44 }
          },
          {
            "start": { "line": 72, "column": 12 },
            "end": { "line": 72, "column": 16 }
          }
        ]
      }
    },
    "s": {
      "0": 0,
      "1": 0,
      "2": 0,
      "3": 0,
      "4": 0,
      "5": 0,
      "6": 0,
      "7": 0,
      "8": 0,
      "9": 0,
      "10": 0,
      "11": 0,
      "12": 0,
      "13": 0,
      "14": 0,
      "15": 0,
      "16": 0,
      "17": 0,
      "18": 0,
      "19": 0
    },
    "f": { "0": 0, "1": 0, "2": 0 },
    "b": { "0": [0, 0], "1": [0, 0], "2": [0, 0], "3": [0, 0], "4": [0, 0] }
  },
  "/Users/jacoblurie/Git/Projects/budgetster-frontend/src/components/TimeControl/TimePeriodSelector/TimePeriodSelector.tsx": {
    "path": "/Users/jacoblurie/Git/Projects/budgetster-frontend/src/components/TimeControl/TimePeriodSelector/TimePeriodSelector.tsx",
    "statementMap": {
      "0": {
        "start": { "line": 1, "column": 0 },
        "end": { "line": 1, "column": 50 }
      },
      "1": {
        "start": { "line": 2, "column": 0 },
        "end": { "line": 2, "column": 41 }
      },
      "2": {
        "start": { "line": 22, "column": 27 },
        "end": { "line": 42, "column": null }
      },
      "3": {
        "start": { "line": 26, "column": 2 },
        "end": { "line": 41, "column": null }
      },
      "4": {
        "start": { "line": 32, "column": 10 },
        "end": { "line": 36, "column": null }
      },
      "5": {
        "start": { "line": 33, "column": 12 },
        "end": { "line": 33, "column": 45 }
      },
      "6": {
        "start": { "line": 35, "column": 12 },
        "end": { "line": 35, "column": 46 }
      },
      "7": {
        "start": { "line": 45, "column": 0 },
        "end": { "line": 45, "column": 34 }
      }
    },
    "fnMap": {
      "0": {
        "name": "(anonymous_0)",
        "decl": {
          "start": { "line": 22, "column": 27 },
          "end": { "line": 22, "column": 28 }
        },
        "loc": {
          "start": { "line": 26, "column": 2 },
          "end": { "line": 41, "column": null }
        }
      },
      "1": {
        "name": "(anonymous_1)",
        "decl": {
          "start": { "line": 31, "column": 17 },
          "end": { "line": 31, "column": 20 }
        },
        "loc": {
          "start": { "line": 31, "column": 22 },
          "end": { "line": 37, "column": 9 }
        }
      }
    },
    "branchMap": {
      "0": {
        "loc": {
          "start": { "line": 32, "column": 10 },
          "end": { "line": 36, "column": null }
        },
        "type": "if",
        "locations": [
          {
            "start": { "line": 32, "column": 10 },
            "end": { "line": 36, "column": null }
          },
          {
            "start": { "line": 34, "column": 17 },
            "end": { "line": 36, "column": null }
          }
        ]
      }
    },
    "s": { "0": 0, "1": 0, "2": 0, "3": 0, "4": 0, "5": 0, "6": 0, "7": 0 },
    "f": { "0": 0, "1": 0 },
    "b": { "0": [0, 0] }
  },
  "/Users/jacoblurie/Git/Projects/budgetster-frontend/src/layout/App.tsx": {
    "path": "/Users/jacoblurie/Git/Projects/budgetster-frontend/src/layout/App.tsx",
    "statementMap": {
      "0": {
        "start": { "line": 1, "column": 0 },
        "end": { "line": 1, "column": 19 }
      },
      "1": {
        "start": { "line": 2, "column": 0 },
        "end": { "line": 2, "column": 40 }
      },
      "2": {
        "start": { "line": 3, "column": 0 },
        "end": { "line": 3, "column": 42 }
      },
      "3": {
        "start": { "line": 5, "column": 12 },
        "end": { "line": 13, "column": null }
      },
      "4": {
        "start": { "line": 6, "column": 2 },
        "end": { "line": 12, "column": null }
      },
      "5": {
        "start": { "line": 16, "column": 0 },
        "end": { "line": 16, "column": 19 }
      }
    },
    "fnMap": {
      "0": {
        "name": "(anonymous_0)",
        "decl": {
          "start": { "line": 5, "column": 12 },
          "end": { "line": 5, "column": 15 }
        },
        "loc": {
          "start": { "line": 6, "column": 2 },
          "end": { "line": 12, "column": null }
        }
      }
    },
    "branchMap": {},
    "s": { "0": 0, "1": 0, "2": 0, "3": 0, "4": 0, "5": 0 },
    "f": { "0": 0 },
    "b": {}
  },
  "/Users/jacoblurie/Git/Projects/budgetster-frontend/src/layout/index.tsx": {
    "path": "/Users/jacoblurie/Git/Projects/budgetster-frontend/src/layout/index.tsx",
    "statementMap": {
      "0": {
        "start": { "line": 1, "column": 0 },
        "end": { "line": 1, "column": 28 }
      },
      "1": {
        "start": { "line": 2, "column": 0 },
        "end": { "line": 2, "column": 21 }
      },
      "2": {
        "start": { "line": 3, "column": 0 },
        "end": { "line": 3, "column": 57 }
      },
      "3": {
        "start": { "line": 4, "column": 0 },
        "end": { "line": 4, "column": 54 }
      },
      "4": {
        "start": { "line": 5, "column": 0 },
        "end": { "line": 5, "column": 57 }
      },
      "5": {
        "start": { "line": 6, "column": 0 },
        "end": { "line": 6, "column": 54 }
      },
      "6": {
        "start": { "line": 7, "column": 0 },
        "end": { "line": 7, "column": 26 }
      },
      "7": {
        "start": { "line": 8, "column": 0 },
        "end": { "line": 8, "column": 40 }
      },
      "8": {
        "start": { "line": 9, "column": 0 },
        "end": { "line": 9, "column": 71 }
      },
      "9": {
        "start": { "line": 11, "column": 15 },
        "end": { "line": 35, "column": 2 }
      },
      "10": {
        "start": { "line": 37, "column": 0 },
        "end": { "line": 41, "column": 2 }
      }
    },
    "fnMap": {},
    "branchMap": {},
    "s": {
      "0": 0,
      "1": 0,
      "2": 0,
      "3": 0,
      "4": 0,
      "5": 0,
      "6": 0,
      "7": 0,
      "8": 0,
      "9": 0,
      "10": 0
    },
    "f": {},
    "b": {}
  },
  "/Users/jacoblurie/Git/Projects/budgetster-frontend/src/layout/sidebar/Sidebar.tsx": {
    "path": "/Users/jacoblurie/Git/Projects/budgetster-frontend/src/layout/sidebar/Sidebar.tsx",
    "statementMap": {
      "0": {
        "start": { "line": 1, "column": 0 },
        "end": { "line": 1, "column": 61 }
      },
      "1": {
        "start": { "line": 2, "column": 0 },
        "end": { "line": 2, "column": 33 }
      },
      "2": {
        "start": { "line": 3, "column": 0 },
        "end": { "line": 3, "column": 30 }
      },
      "3": {
        "start": { "line": 4, "column": 0 },
        "end": { "line": 4, "column": 65 }
      },
      "4": {
        "start": { "line": 5, "column": 0 },
        "end": { "line": 5, "column": null }
      },
      "5": {
        "start": { "line": 12, "column": 0 },
        "end": { "line": 12, "column": 40 }
      },
      "6": {
        "start": { "line": 14, "column": 16 },
        "end": { "line": 117, "column": 1 }
      },
      "7": {
        "start": { "line": 15, "column": 32 },
        "end": { "line": 15, "column": 56 }
      },
      "8": {
        "start": { "line": 16, "column": 40 },
        "end": { "line": 16, "column": 69 }
      },
      "9": {
        "start": { "line": 19, "column": 24 },
        "end": { "line": 25, "column": 4 }
      },
      "10": {
        "start": { "line": 28, "column": 23 },
        "end": { "line": 34, "column": 4 }
      },
      "11": {
        "start": { "line": 37, "column": 28 },
        "end": { "line": 39, "column": 3 }
      },
      "12": {
        "start": { "line": 38, "column": 4 },
        "end": { "line": 38, "column": 26 }
      },
      "13": {
        "start": { "line": 41, "column": 2 },
        "end": { "line": 116, "column": 4 }
      },
      "14": {
        "start": { "line": 48, "column": 31 },
        "end": { "line": 48, "column": 51 }
      },
      "15": {
        "start": { "line": 66, "column": 12 },
        "end": { "line": 69, "column": null }
      },
      "16": {
        "start": { "line": 80, "column": 18 },
        "end": { "line": 80, "column": 43 }
      },
      "17": {
        "start": { "line": 95, "column": 10 },
        "end": { "line": 97, "column": null }
      },
      "18": {
        "start": { "line": 99, "column": 14 },
        "end": { "line": 99, "column": 39 }
      },
      "19": {
        "start": { "line": 119, "column": 0 },
        "end": { "line": 119, "column": 23 }
      }
    },
    "fnMap": {
      "0": {
        "name": "(anonymous_0)",
        "decl": {
          "start": { "line": 14, "column": 16 },
          "end": { "line": 14, "column": 19 }
        },
        "loc": {
          "start": { "line": 14, "column": 21 },
          "end": { "line": 117, "column": 1 }
        }
      },
      "1": {
        "name": "(anonymous_1)",
        "decl": {
          "start": { "line": 37, "column": 28 },
          "end": { "line": 37, "column": 29 }
        },
        "loc": {
          "start": { "line": 37, "column": 46 },
          "end": { "line": 39, "column": 3 }
        }
      },
      "2": {
        "name": "(anonymous_2)",
        "decl": {
          "start": { "line": 48, "column": 25 },
          "end": { "line": 48, "column": 28 }
        },
        "loc": {
          "start": { "line": 48, "column": 31 },
          "end": { "line": 48, "column": 51 }
        }
      },
      "3": {
        "name": "(anonymous_3)",
        "decl": {
          "start": { "line": 65, "column": 29 },
          "end": { "line": 65, "column": 30 }
        },
        "loc": {
          "start": { "line": 66, "column": 12 },
          "end": { "line": 69, "column": null }
        }
      },
      "4": {
        "name": "(anonymous_4)",
        "decl": {
          "start": { "line": 79, "column": 25 },
          "end": { "line": 79, "column": 28 }
        },
        "loc": {
          "start": { "line": 79, "column": 30 },
          "end": { "line": 81, "column": 17 }
        }
      },
      "5": {
        "name": "(anonymous_5)",
        "decl": {
          "start": { "line": 94, "column": 27 },
          "end": { "line": 94, "column": 28 }
        },
        "loc": {
          "start": { "line": 95, "column": 10 },
          "end": { "line": 97, "column": null }
        }
      },
      "6": {
        "name": "(anonymous_6)",
        "decl": {
          "start": { "line": 98, "column": 21 },
          "end": { "line": 98, "column": 24 }
        },
        "loc": {
          "start": { "line": 98, "column": 26 },
          "end": { "line": 100, "column": 13 }
        }
      }
    },
    "branchMap": {
      "0": {
        "loc": {
          "start": { "line": 44, "column": 8 },
          "end": { "line": 44, "column": 74 }
        },
        "type": "cond-expr",
        "locations": [
          {
            "start": { "line": 44, "column": 18 },
            "end": { "line": 44, "column": 52 }
          },
          {
            "start": { "line": 44, "column": 55 },
            "end": { "line": 44, "column": 74 }
          }
        ]
      },
      "1": {
        "loc": {
          "start": { "line": 49, "column": 24 },
          "end": { "line": 49, "column": 62 }
        },
        "type": "cond-expr",
        "locations": [
          {
            "start": { "line": 49, "column": 34 },
            "end": { "line": 49, "column": 46 }
          },
          {
            "start": { "line": 49, "column": 49 },
            "end": { "line": 49, "column": 62 }
          }
        ]
      },
      "2": {
        "loc": {
          "start": { "line": 54, "column": 10 },
          "end": { "line": 54, "column": null }
        },
        "type": "cond-expr",
        "locations": [
          {
            "start": { "line": 54, "column": 20 },
            "end": { "line": 54, "column": 42 }
          },
          {
            "start": { "line": 54, "column": 45 },
            "end": { "line": 54, "column": null }
          }
        ]
      },
      "3": {
        "loc": {
          "start": { "line": 74, "column": 19 },
          "end": { "line": 76, "column": 46 }
        },
        "type": "cond-expr",
        "locations": [
          {
            "start": { "line": 75, "column": 22 },
            "end": { "line": 75, "column": 44 }
          },
          {
            "start": { "line": 76, "column": 22 },
            "end": { "line": 76, "column": 46 }
          }
        ]
      },
      "4": {
        "loc": {
          "start": { "line": 91, "column": 10 },
          "end": { "line": 91, "column": null }
        },
        "type": "cond-expr",
        "locations": [
          {
            "start": { "line": 91, "column": 20 },
            "end": { "line": 91, "column": 43 }
          },
          {
            "start": { "line": 91, "column": 46 },
            "end": { "line": 91, "column": null }
          }
        ]
      },
      "5": {
        "loc": {
          "start": { "line": 105, "column": 18 },
          "end": { "line": 107, "column": null }
        },
        "type": "cond-expr",
        "locations": [
          {
            "start": { "line": 106, "column": 22 },
            "end": { "line": 106, "column": 50 }
          },
          {
            "start": { "line": 107, "column": 22 },
            "end": { "line": 107, "column": null }
          }
        ]
      }
    },
    "s": {
      "0": 0,
      "1": 0,
      "2": 0,
      "3": 0,
      "4": 0,
      "5": 0,
      "6": 0,
      "7": 0,
      "8": 0,
      "9": 0,
      "10": 0,
      "11": 0,
      "12": 0,
      "13": 0,
      "14": 0,
      "15": 0,
      "16": 0,
      "17": 0,
      "18": 0,
      "19": 0
    },
    "f": { "0": 0, "1": 0, "2": 0, "3": 0, "4": 0, "5": 0, "6": 0 },
    "b": {
      "0": [0, 0],
      "1": [0, 0],
      "2": [0, 0],
      "3": [0, 0],
      "4": [0, 0],
      "5": [0, 0]
    }
  },
  "/Users/jacoblurie/Git/Projects/budgetster-frontend/src/pages/category/Category.tsx": {
    "path": "/Users/jacoblurie/Git/Projects/budgetster-frontend/src/pages/category/Category.tsx",
    "statementMap": {
      "0": {
        "start": { "line": 7, "column": 17 },
        "end": { "line": 7, "column": 69 }
      },
      "1": {
        "start": { "line": 7, "column": 50 },
        "end": { "line": 7, "column": 69 }
      },
      "2": {
        "start": { "line": 9, "column": 0 },
        "end": { "line": 9, "column": 24 }
      }
    },
    "fnMap": {
      "0": {
        "name": "(anonymous_0)",
        "decl": {
          "start": { "line": 7, "column": 17 },
          "end": { "line": 7, "column": 18 }
        },
        "loc": {
          "start": { "line": 7, "column": 50 },
          "end": { "line": 7, "column": 69 }
        }
      }
    },
    "branchMap": {},
    "s": { "0": 0, "1": 0, "2": 0 },
    "f": { "0": 0 },
    "b": {}
  },
  "/Users/jacoblurie/Git/Projects/budgetster-frontend/src/pages/dashboard/Dashboard.tsx": {
    "path": "/Users/jacoblurie/Git/Projects/budgetster-frontend/src/pages/dashboard/Dashboard.tsx",
    "statementMap": {
      "0": {
        "start": { "line": 1, "column": 0 },
        "end": { "line": 1, "column": 85 }
      },
      "1": {
        "start": { "line": 2, "column": 0 },
        "end": { "line": 2, "column": 76 }
      },
      "2": {
        "start": { "line": 3, "column": 0 },
        "end": { "line": 3, "column": 67 }
      },
      "3": {
        "start": { "line": 4, "column": 0 },
        "end": { "line": 4, "column": null }
      },
      "4": {
        "start": { "line": 9, "column": 0 },
        "end": { "line": 9, "column": 69 }
      },
      "5": {
        "start": { "line": 10, "column": 0 },
        "end": { "line": 10, "column": 61 }
      },
      "6": {
        "start": { "line": 11, "column": 0 },
        "end": { "line": 11, "column": 32 }
      },
      "7": {
        "start": { "line": 13, "column": 18 },
        "end": { "line": 49, "column": null }
      },
      "8": {
        "start": { "line": 14, "column": 2 },
        "end": { "line": 48, "column": null }
      },
      "9": {
        "start": { "line": 52, "column": 0 },
        "end": { "line": 52, "column": 25 }
      }
    },
    "fnMap": {
      "0": {
        "name": "(anonymous_0)",
        "decl": {
          "start": { "line": 13, "column": 18 },
          "end": { "line": 13, "column": 21 }
        },
        "loc": {
          "start": { "line": 14, "column": 2 },
          "end": { "line": 48, "column": null }
        }
      }
    },
    "branchMap": {},
    "s": {
      "0": 0,
      "1": 0,
      "2": 0,
      "3": 0,
      "4": 0,
      "5": 0,
      "6": 0,
      "7": 0,
      "8": 0,
      "9": 0
    },
    "f": { "0": 0 },
    "b": {}
  },
  "/Users/jacoblurie/Git/Projects/budgetster-frontend/src/pages/settings/Settings.tsx": {
    "path": "/Users/jacoblurie/Git/Projects/budgetster-frontend/src/pages/settings/Settings.tsx",
    "statementMap": {
      "0": {
        "start": { "line": 1, "column": 17 },
        "end": { "line": 4, "column": null }
      },
      "1": {
        "start": { "line": 2, "column": 2 },
        "end": { "line": 3, "column": null }
      },
      "2": {
        "start": { "line": 7, "column": 0 },
        "end": { "line": 7, "column": 24 }
      }
    },
    "fnMap": {
      "0": {
        "name": "(anonymous_0)",
        "decl": {
          "start": { "line": 1, "column": 17 },
          "end": { "line": 1, "column": 20 }
        },
        "loc": {
          "start": { "line": 2, "column": 2 },
          "end": { "line": 3, "column": null }
        }
      }
    },
    "branchMap": {},
    "s": { "0": 0, "1": 0, "2": 0 },
    "f": { "0": 0 },
    "b": {}
  },
  "/Users/jacoblurie/Git/Projects/budgetster-frontend/src/types/types.ts": {
    "path": "/Users/jacoblurie/Git/Projects/budgetster-frontend/src/types/types.ts",
    "statementMap": {
      "0": {
        "start": { "line": 37, "column": 0 },
        "end": { "line": 37, "column": null }
      },
      "1": {
        "start": { "line": 38, "column": 2 },
        "end": { "line": 38, "column": null }
      },
      "2": {
        "start": { "line": 39, "column": 2 },
        "end": { "line": 39, "column": null }
      },
      "3": {
        "start": { "line": 40, "column": 2 },
        "end": { "line": 40, "column": null }
      },
      "4": {
        "start": { "line": 51, "column": 0 },
        "end": { "line": 51, "column": null }
      },
      "5": {
        "start": { "line": 52, "column": 2 },
        "end": { "line": 52, "column": null }
      },
      "6": {
        "start": { "line": 53, "column": 2 },
        "end": { "line": 53, "column": null }
      },
      "7": {
        "start": { "line": 54, "column": 2 },
        "end": { "line": 54, "column": null }
      },
      "8": {
        "start": { "line": 55, "column": 2 },
        "end": { "line": 55, "column": null }
      }
    },
    "fnMap": {
      "0": {
        "name": "(anonymous_0)",
        "decl": {
          "start": { "line": 37, "column": 0 },
          "end": { "line": 37, "column": 12 }
        },
        "loc": {
          "start": { "line": 37, "column": 22 },
          "end": { "line": 41, "column": 1 }
        }
      },
      "1": {
        "name": "(anonymous_1)",
        "decl": {
          "start": { "line": 51, "column": 0 },
          "end": { "line": 51, "column": 12 }
        },
        "loc": {
          "start": { "line": 51, "column": 32 },
          "end": { "line": 56, "column": 1 }
        }
      }
    },
    "branchMap": {
      "0": {
        "loc": {
          "start": { "line": 37, "column": 12 },
          "end": { "line": 37, "column": null }
        },
        "type": "binary-expr",
        "locations": [
          {
            "start": { "line": 37, "column": 12 },
            "end": { "line": 37, "column": 22 }
          },
          {
            "start": { "line": 37, "column": 12 },
            "end": { "line": 37, "column": null }
          }
        ]
      },
      "1": {
        "loc": {
          "start": { "line": 51, "column": 12 },
          "end": { "line": 51, "column": null }
        },
        "type": "binary-expr",
        "locations": [
          {
            "start": { "line": 51, "column": 12 },
            "end": { "line": 51, "column": 32 }
          },
          {
            "start": { "line": 51, "column": 12 },
            "end": { "line": 51, "column": null }
          }
        ]
      }
    },
    "s": {
      "0": 3,
      "1": 3,
      "2": 3,
      "3": 3,
      "4": 3,
      "5": 3,
      "6": 3,
      "7": 3,
      "8": 3
    },
    "f": { "0": 3, "1": 3 },
    "b": { "0": [3, 3], "1": [3, 3] }
  },
  "/Users/jacoblurie/Git/Projects/budgetster-frontend/src/util/constants/constants.ts": {
    "path": "/Users/jacoblurie/Git/Projects/budgetster-frontend/src/util/constants/constants.ts",
    "statementMap": {
      "0": {
        "start": { "line": 5, "column": 13 },
        "end": { "line": 18, "column": 2 }
      },
      "1": {
        "start": { "line": 24, "column": 13 },
        "end": { "line": 37, "column": 2 }
      }
    },
    "fnMap": {},
    "branchMap": {},
    "s": { "0": 0, "1": 0 },
    "f": {},
    "b": {}
  },
  "/Users/jacoblurie/Git/Projects/budgetster-frontend/src/util/testing/testData.ts": {
    "path": "/Users/jacoblurie/Git/Projects/budgetster-frontend/src/util/testing/testData.ts",
    "statementMap": {
      "0": {
        "start": { "line": 1, "column": 0 },
        "end": { "line": 1, "column": 69 }
      },
      "1": {
        "start": { "line": 5, "column": 13 },
        "end": { "line": 43, "column": 20 }
      },
      "2": {
        "start": { "line": 46, "column": 13 },
        "end": { "line": 65, "column": 20 }
      },
      "3": {
        "start": { "line": 68, "column": 13 },
        "end": { "line": 96, "column": 20 }
      }
    },
    "fnMap": {},
    "branchMap": {},
    "s": { "0": 3, "1": 3, "2": 3, "3": 3 },
    "f": {},
    "b": {}
  }
}
