TN:
SF:src/components/LargeCategoryCard/LargeCategoryCard.tsx
FN:28,(anonymous_0)
FN:34,(anonymous_1)
FN:52,(anonymous_2)
FNF:3
FNH:3
FNDA:3,(anonymous_0)
FNDA:10,(anonymous_1)
FNDA:10,(anonymous_2)
DA:1,1
DA:2,1
DA:3,1
DA:5,1
DA:28,1
DA:34,10
DA:36,3
DA:53,10
DA:65,1
LF:9
LH:9
BRDA:44,0,0,2
BRDA:44,0,1,1
BRDA:47,1,0,2
BRDA:47,1,1,1
BRF:4
BRH:4
end_of_record
TN:
SF:src/components/LargeCategoryCard/CategoryBreakdownBar/CategoryBreakdownBar.tsx
FN:22,(anonymous_0)
FN:24,(anonymous_1)
FN:27,(anonymous_2)
FN:28,(anonymous_3)
FN:36,(anonymous_4)
FNF:5
FNH:5
FNDA:5,(anonymous_0)
FNDA:17,(anonymous_1)
FNDA:18,(anonymous_2)
FNDA:68,(anonymous_3)
FNDA:18,(anonymous_4)
DA:1,2
DA:3,2
DA:22,2
DA:24,17
DA:27,5
DA:28,68
DA:31,5
DA:37,18
DA:53,2
LF:9
LH:9
BRDA:42,0,0,18
BRDA:42,0,1,9
BRDA:44,1,0,18
BRDA:44,1,1,13
BRF:4
BRH:4
end_of_record
TN:
SF:src/components/LargeCategoryCard/CategoryLineItem/CategoryLineItem.tsx
FN:21,(anonymous_0)
FNF:1
FNH:1
FNDA:13,(anonymous_0)
DA:1,2
DA:21,2
DA:26,13
DA:49,2
LF:4
LH:4
BRDA:33,0,0,1
BRDA:33,0,1,12
BRF:2
BRH:2
end_of_record
TN:
SF:src/components/LargeCountCard/LargeCountCard.tsx
FN:21,(anonymous_0)
FNF:1
FNH:0
FNDA:0,(anonymous_0)
DA:1,0
DA:21,0
DA:22,0
DA:31,0
LF:4
LH:0
BRDA:25,0,0,0
BRDA:25,0,1,0
BRDA:27,1,0,0
BRDA:27,1,1,0
BRF:4
BRH:0
end_of_record
TN:
SF:src/components/TimeControl/TimeControl.tsx
FN:14,(anonymous_0)
FNF:1
FNH:0
FNDA:0,(anonymous_0)
DA:1,0
DA:2,0
DA:3,0
DA:4,0
DA:5,0
DA:14,0
DA:16,0
DA:19,0
DA:20,0
DA:22,0
DA:39,0
LF:11
LH:0
BRF:0
BRH:0
end_of_record
TN:
SF:src/components/TimeControl/TimePeriodCarousel/TimePeriodCarousel.tsx
FN:29,(anonymous_0)
FN:37,(anonymous_1)
FN:51,(anonymous_2)
FNF:3
FNH:0
FNDA:0,(anonymous_0)
FNDA:0,(anonymous_1)
FNDA:0,(anonymous_2)
DA:1,0
DA:2,0
DA:3,0
DA:29,0
DA:37,0
DA:38,0
DA:39,0
DA:40,0
DA:41,0
DA:43,0
DA:46,0
DA:51,0
DA:52,0
DA:53,0
DA:54,0
DA:55,0
DA:57,0
DA:60,0
DA:64,0
DA:81,0
LF:20
LH:0
BRDA:38,0,0,0
BRDA:38,0,1,0
BRDA:39,1,0,0
BRDA:39,1,1,0
BRDA:52,2,0,0
BRDA:52,2,1,0
BRDA:53,3,0,0
BRDA:53,3,1,0
BRDA:70,4,0,0
BRDA:70,4,1,0
BRF:10
BRH:0
end_of_record
TN:
SF:src/components/TimeControl/TimePeriodSelector/TimePeriodSelector.tsx
FN:22,(anonymous_0)
FN:31,(anonymous_1)
FNF:2
FNH:0
FNDA:0,(anonymous_0)
FNDA:0,(anonymous_1)
DA:1,0
DA:2,0
DA:22,0
DA:26,0
DA:32,0
DA:33,0
DA:35,0
DA:45,0
LF:8
LH:0
BRDA:32,0,0,0
BRDA:32,0,1,0
BRF:2
BRH:0
end_of_record
TN:
SF:src/layout/App.tsx
FN:5,(anonymous_0)
FNF:1
FNH:0
FNDA:0,(anonymous_0)
DA:1,0
DA:2,0
DA:3,0
DA:5,0
DA:6,0
DA:16,0
LF:6
LH:0
BRF:0
BRH:0
end_of_record
TN:
SF:src/layout/index.tsx
FNF:0
FNH:0
DA:1,0
DA:2,0
DA:3,0
DA:4,0
DA:5,0
DA:6,0
DA:7,0
DA:8,0
DA:9,0
DA:11,0
DA:37,0
LF:11
LH:0
BRF:0
BRH:0
end_of_record
TN:
SF:src/layout/sidebar/Sidebar.tsx
FN:14,(anonymous_0)
FN:37,(anonymous_1)
FN:48,(anonymous_2)
FN:65,(anonymous_3)
FN:79,(anonymous_4)
FN:94,(anonymous_5)
FN:98,(anonymous_6)
FNF:7
FNH:0
FNDA:0,(anonymous_0)
FNDA:0,(anonymous_1)
FNDA:0,(anonymous_2)
FNDA:0,(anonymous_3)
FNDA:0,(anonymous_4)
FNDA:0,(anonymous_5)
FNDA:0,(anonymous_6)
DA:1,0
DA:2,0
DA:3,0
DA:4,0
DA:5,0
DA:12,0
DA:14,0
DA:15,0
DA:16,0
DA:19,0
DA:28,0
DA:37,0
DA:38,0
DA:41,0
DA:48,0
DA:66,0
DA:80,0
DA:95,0
DA:99,0
DA:119,0
LF:20
LH:0
BRDA:44,0,0,0
BRDA:44,0,1,0
BRDA:49,1,0,0
BRDA:49,1,1,0
BRDA:54,2,0,0
BRDA:54,2,1,0
BRDA:74,3,0,0
BRDA:74,3,1,0
BRDA:91,4,0,0
BRDA:91,4,1,0
BRDA:105,5,0,0
BRDA:105,5,1,0
BRF:12
BRH:0
end_of_record
TN:
SF:src/pages/category/Category.tsx
FN:7,(anonymous_0)
FNF:1
FNH:0
FNDA:0,(anonymous_0)
DA:7,0
DA:9,0
LF:2
LH:0
BRF:0
BRH:0
end_of_record
TN:
SF:src/pages/dashboard/Dashboard.tsx
FN:13,(anonymous_0)
FNF:1
FNH:0
FNDA:0,(anonymous_0)
DA:1,0
DA:2,0
DA:3,0
DA:4,0
DA:9,0
DA:10,0
DA:11,0
DA:13,0
DA:14,0
DA:52,0
LF:10
LH:0
BRF:0
BRH:0
end_of_record
TN:
SF:src/pages/settings/Settings.tsx
FN:1,(anonymous_0)
FNF:1
FNH:0
FNDA:0,(anonymous_0)
DA:1,0
DA:2,0
DA:7,0
LF:3
LH:0
BRF:0
BRH:0
end_of_record
TN:
SF:src/types/types.ts
FN:37,(anonymous_0)
FN:51,(anonymous_1)
FNF:2
FNH:2
FNDA:3,(anonymous_0)
FNDA:3,(anonymous_1)
DA:37,3
DA:38,3
DA:39,3
DA:40,3
DA:51,3
DA:52,3
DA:53,3
DA:54,3
DA:55,3
LF:9
LH:9
BRDA:37,0,0,3
BRDA:37,0,1,3
BRDA:51,1,0,3
BRDA:51,1,1,3
BRF:4
BRH:4
end_of_record
TN:
SF:src/util/constants/constants.ts
FNF:0
FNH:0
DA:5,0
DA:24,0
LF:2
LH:0
BRF:0
BRH:0
end_of_record
TN:
SF:src/util/testing/testData.ts
FNF:0
FNH:0
DA:1,3
DA:5,3
DA:46,3
DA:68,3
LF:4
LH:4
BRF:0
BRH:0
end_of_record
