TN:
SF:src/components/LargeCategoryCard/CategoryBreakdownBar/CategoryBreakdownBar.tsx
FN:22,(anonymous_0)
FN:24,(anonymous_1)
FN:27,(anonymous_2)
FN:28,(anonymous_3)
FN:33,(anonymous_4)
FNF:5
FNH:5
FNDA:1,(anonymous_0)
FNDA:5,(anonymous_1)
FNDA:4,(anonymous_2)
FNDA:16,(anonymous_3)
FNDA:4,(anonymous_4)
DA:1,1
DA:3,1
DA:22,1
DA:24,5
DA:27,1
DA:28,16
DA:31,1
DA:34,4
DA:50,1
LF:9
LH:9
BRDA:39,0,0,4
BRDA:39,0,1,2
BRDA:41,1,0,4
BRDA:41,1,1,3
BRF:4
BRH:4
end_of_record
TN:
SF:src/types/types.ts
FN:37,(anonymous_0)
FN:51,(anonymous_1)
FNF:2
FNH:2
FNDA:1,(anonymous_0)
FNDA:1,(anonymous_1)
DA:37,1
DA:38,1
DA:39,1
DA:40,1
DA:51,1
DA:52,1
DA:53,1
DA:54,1
DA:55,1
LF:9
LH:9
BRDA:37,0,0,1
BRDA:37,0,1,1
BRDA:51,1,0,1
BRDA:51,1,1,1
BRF:4
BRH:4
end_of_record
TN:
SF:src/util/testing/testData.ts
FNF:0
FNH:0
DA:1,1
DA:5,1
DA:46,1
DA:68,1
LF:4
LH:4
BRF:0
BRH:0
end_of_record
